Started GET "/" for 127.0.0.1 at 2023-10-16 19:52:44 -0500
Processing by ArticlesController#index as HTML
  Rendering layout layouts/application.html.erb
  Rendering articles/index.html.erb within layouts/application
  Rendered articles/index.html.erb within layouts/application (Duration: 3.1ms | Allocations: 441)
  Rendered layout layouts/application.html.erb (Duration: 514.7ms | Allocations: 85113)
Completed 200 OK in 557ms (Views: 521.3ms | ActiveRecord: 0.0ms | Allocations: 92029)


  [1m[35m (5.3ms)[0m  [1m[35mCREATE TABLE "schema_migrations" ("version" varchar NOT NULL PRIMARY KEY)[0m
  [1m[35m (4.0ms)[0m  [1m[35mCREATE TABLE "ar_internal_metadata" ("key" varchar NOT NULL PRIMARY KEY, "value" varchar, "created_at" datetime(6) NOT NULL, "updated_at" datetime(6) NOT NULL)[0m
  [1m[36mActiveRecord::SchemaMigration Pluck (0.1ms)[0m  [1m[34mSELECT "schema_migrations"."version" FROM "schema_migrations" ORDER BY "schema_migrations"."version" ASC[0m
Migrating to CreateArticles (20231018010223)
  [1m[36mTRANSACTION (0.0ms)[0m  [1m[36mbegin transaction[0m
  [1m[35m (0.2ms)[0m  [1m[35mCREATE TABLE "articles" ("id" integer PRIMARY KEY AUTOINCREMENT NOT NULL, "title" varchar, "body" text, "created_at" datetime(6) NOT NULL, "updated_at" datetime(6) NOT NULL)[0m
  [1m[36mActiveRecord::SchemaMigration Create (0.1ms)[0m  [1m[32mINSERT INTO "schema_migrations" ("version") VALUES (?)[0m  [["version", "20231018010223"]]
  [1m[36mTRANSACTION (4.3ms)[0m  [1m[36mcommit transaction[0m
  [1m[36mActiveRecord::InternalMetadata Load (0.3ms)[0m  [1m[34mSELECT "ar_internal_metadata".* FROM "ar_internal_metadata" WHERE "ar_internal_metadata"."key" = ? LIMIT ?[0m  [["key", "environment"], ["LIMIT", 1]]
  [1m[36mTRANSACTION (0.0ms)[0m  [1m[36mbegin transaction[0m
  [1m[36mActiveRecord::InternalMetadata Create (0.3ms)[0m  [1m[32mINSERT INTO "ar_internal_metadata" ("key", "value", "created_at", "updated_at") VALUES (?, ?, ?, ?)[0m  [["key", "environment"], ["value", "development"], ["created_at", "2023-10-18 01:04:49.492607"], ["updated_at", "2023-10-18 01:04:49.492607"]]
  [1m[36mTRANSACTION (2.3ms)[0m  [1m[36mcommit transaction[0m
  [1m[36mActiveRecord::SchemaMigration Pluck (0.1ms)[0m  [1m[34mSELECT "schema_migrations"."version" FROM "schema_migrations" ORDER BY "schema_migrations"."version" ASC[0m
  [1m[36mTRANSACTION (0.1ms)[0m  [1m[36mbegin transaction[0m
  [1m[36mArticle Create (0.5ms)[0m  [1m[32mINSERT INTO "articles" ("title", "body", "created_at", "updated_at") VALUES (?, ?, ?, ?)[0m  [["title", "Hello Rails"], ["body", "I am on Rails!"], ["created_at", "2023-10-18 01:14:14.207742"], ["updated_at", "2023-10-18 01:14:14.207742"]]
  [1m[36mTRANSACTION (5.4ms)[0m  [1m[36mcommit transaction[0m
  [1m[36mArticle Load (0.2ms)[0m  [1m[34mSELECT "articles".* FROM "articles"[0m
Started GET "/" for 127.0.0.1 at 2023-10-17 20:19:24 -0500
  [1m[36mActiveRecord::SchemaMigration Pluck (0.2ms)[0m  [1m[34mSELECT "schema_migrations"."version" FROM "schema_migrations" ORDER BY "schema_migrations"."version" ASC[0m
Processing by ArticlesController#index as HTML
  Rendering layout layouts/application.html.erb
  Rendering articles/index.html.erb within layouts/application
  [1m[36mArticle Load (0.1ms)[0m  [1m[34mSELECT "articles".* FROM "articles"[0m
  ↳ app/views/articles/index.html.erb:4
  Rendered articles/index.html.erb within layouts/application (Duration: 11.1ms | Allocations: 5311)
  Rendered layout layouts/application.html.erb (Duration: 169.3ms | Allocations: 37930)
Completed 200 OK in 194ms (Views: 172.9ms | ActiveRecord: 0.5ms | Allocations: 42482)


Started GET "/" for 127.0.0.1 at 2023-10-17 20:20:07 -0500
Processing by ArticlesController#index as HTML
  Rendering layout layouts/application.html.erb
  Rendering articles/index.html.erb within layouts/application
  [1m[36mArticle Load (0.3ms)[0m  [1m[34mSELECT "articles".* FROM "articles"[0m
  ↳ app/views/articles/index.html.erb:4
  Rendered articles/index.html.erb within layouts/application (Duration: 3.4ms | Allocations: 752)
  Rendered layout layouts/application.html.erb (Duration: 11.7ms | Allocations: 3288)
Completed 200 OK in 18ms (Views: 17.2ms | ActiveRecord: 0.3ms | Allocations: 4118)


Started GET "/" for 127.0.0.1 at 2023-10-17 20:24:56 -0500
Processing by ArticlesController#index as HTML
  Rendering layout layouts/application.html.erb
  Rendering articles/index.html.erb within layouts/application
  [1m[36mArticle Load (0.1ms)[0m  [1m[34mSELECT "articles".* FROM "articles"[0m
  ↳ app/views/articles/index.html.erb:5
  Rendered articles/index.html.erb within layouts/application (Duration: 1.5ms | Allocations: 746)
  Rendered layout layouts/application.html.erb (Duration: 6.9ms | Allocations: 3291)
Completed 200 OK in 8ms (Views: 7.8ms | ActiveRecord: 0.1ms | Allocations: 4115)


Started GET "/" for 127.0.0.1 at 2023-10-20 17:46:13 -0500
  [1m[36mActiveRecord::SchemaMigration Pluck (0.5ms)[0m  [1m[34mSELECT "schema_migrations"."version" FROM "schema_migrations" ORDER BY "schema_migrations"."version" ASC[0m
Processing by ArticlesController#index as HTML
  Rendering layout layouts/application.html.erb
  Rendering articles/index.html.erb within layouts/application
  [1m[36mArticle Load (0.3ms)[0m  [1m[34mSELECT "articles".* FROM "articles"[0m
  ↳ app/views/articles/index.html.erb:4
  Rendered articles/index.html.erb within layouts/application (Duration: 9.4ms | Allocations: 5310)
  Rendered layout layouts/application.html.erb (Duration: 159.9ms | Allocations: 38246)
Completed 200 OK in 182ms (Views: 163.5ms | ActiveRecord: 0.7ms | Allocations: 42799)


Started GET "/" for 127.0.0.1 at 2023-10-20 17:54:42 -0500
Processing by ArticlesController#index as HTML
  Rendering layout layouts/application.html.erb
  Rendering articles/index.html.erb within layouts/application
  [1m[36mArticle Load (0.1ms)[0m  [1m[34mSELECT "articles".* FROM "articles"[0m
  ↳ app/views/articles/index.html.erb:4
  Rendered articles/index.html.erb within layouts/application (Duration: 2.8ms | Allocations: 2109)
  Rendered layout layouts/application.html.erb (Duration: 17.2ms | Allocations: 15391)
Completed 200 OK in 21ms (Views: 18.8ms | ActiveRecord: 0.4ms | Allocations: 16842)


Started GET "/articles/" for 127.0.0.1 at 2023-10-20 17:54:47 -0500
Processing by ArticlesController#index as HTML
  Rendering layout layouts/application.html.erb
  Rendering articles/index.html.erb within layouts/application
  [1m[36mArticle Load (0.1ms)[0m  [1m[34mSELECT "articles".* FROM "articles"[0m
  ↳ app/views/articles/index.html.erb:4
  Rendered articles/index.html.erb within layouts/application (Duration: 1.3ms | Allocations: 580)
  Rendered layout layouts/application.html.erb (Duration: 4.9ms | Allocations: 2842)
Completed 200 OK in 6ms (Views: 5.6ms | ActiveRecord: 0.1ms | Allocations: 3119)


Started GET "/articles/" for 127.0.0.1 at 2023-10-20 18:01:46 -0500
Processing by ArticlesController#index as HTML
  Rendering layout layouts/application.html.erb
  Rendering articles/index.html.erb within layouts/application
  [1m[36mArticle Load (0.1ms)[0m  [1m[34mSELECT "articles".* FROM "articles"[0m
  ↳ app/views/articles/index.html.erb:4
  Rendered articles/index.html.erb within layouts/application (Duration: 4.5ms | Allocations: 2204)
  Rendered layout layouts/application.html.erb (Duration: 21.0ms | Allocations: 15274)
Completed 200 OK in 24ms (Views: 22.2ms | ActiveRecord: 0.4ms | Allocations: 16718)


Started GET "/" for 127.0.0.1 at 2023-10-20 18:01:54 -0500
Processing by ArticlesController#index as HTML
  Rendering layout layouts/application.html.erb
  Rendering articles/index.html.erb within layouts/application
  [1m[36mArticle Load (0.1ms)[0m  [1m[34mSELECT "articles".* FROM "articles"[0m
  ↳ app/views/articles/index.html.erb:4
  Rendered articles/index.html.erb within layouts/application (Duration: 0.8ms | Allocations: 623)
  Rendered layout layouts/application.html.erb (Duration: 2.8ms | Allocations: 2881)
Completed 200 OK in 3ms (Views: 3.1ms | ActiveRecord: 0.1ms | Allocations: 3156)


Started GET "/" for 127.0.0.1 at 2023-10-20 18:02:13 -0500
  [1m[36mActiveRecord::SchemaMigration Pluck (0.1ms)[0m  [1m[34mSELECT "schema_migrations"."version" FROM "schema_migrations" ORDER BY "schema_migrations"."version" ASC[0m
Processing by ArticlesController#index as HTML
  Rendering layout layouts/application.html.erb
  Rendering articles/index.html.erb within layouts/application
  [1m[36mArticle Load (0.1ms)[0m  [1m[34mSELECT "articles".* FROM "articles"[0m
  ↳ app/views/articles/index.html.erb:4
  Rendered articles/index.html.erb within layouts/application (Duration: 7.3ms | Allocations: 5518)
  Rendered layout layouts/application.html.erb (Duration: 66.1ms | Allocations: 38103)
Completed 200 OK in 75ms (Views: 68.1ms | ActiveRecord: 0.4ms | Allocations: 42653)


Started GET "/" for 127.0.0.1 at 2023-10-20 18:03:11 -0500
Processing by ArticlesController#index as HTML
  Rendering layout layouts/application.html.erb
  Rendering articles/index.html.erb within layouts/application
  [1m[36mArticle Load (0.1ms)[0m  [1m[34mSELECT "articles".* FROM "articles"[0m
  ↳ app/views/articles/index.html.erb:4
  Rendered articles/index.html.erb within layouts/application (Duration: 1.8ms | Allocations: 820)
  Rendered layout layouts/application.html.erb (Duration: 5.7ms | Allocations: 3352)
Completed 200 OK in 8ms (Views: 7.3ms | ActiveRecord: 0.1ms | Allocations: 4182)


Started GET "/" for 127.0.0.1 at 2023-11-18 09:33:22 -0600
  [1m[36mActiveRecord::SchemaMigration Pluck (0.1ms)[0m  [1m[34mSELECT "schema_migrations"."version" FROM "schema_migrations" ORDER BY "schema_migrations"."version" ASC[0m
Processing by ArticlesController#index as HTML
  Rendering layout layouts/application.html.erb
  Rendering articles/index.html.erb within layouts/application
  [1m[36mArticle Load (0.8ms)[0m  [1m[34mSELECT "articles".* FROM "articles"[0m
  ↳ app/views/articles/index.html.erb:4
  Rendered articles/index.html.erb within layouts/application (Duration: 15.3ms | Allocations: 5527)
  Rendered layout layouts/application.html.erb (Duration: 211.7ms | Allocations: 38472)
Completed 200 OK in 249ms (Views: 217.9ms | ActiveRecord: 1.3ms | Allocations: 43024)


Started GET "/" for 127.0.0.1 at 2023-11-18 09:57:39 -0600
  
SyntaxError (/home/jmin69n/Dev/blog/app/controllers/articles_controller.rb:23: syntax error, unexpected end-of-input):
  
app/controllers/articles_controller.rb:23: syntax error, unexpected end-of-input
app/controllers/articles_controller.rb:23: syntax error, unexpected end-of-input
Started GET "/" for 127.0.0.1 at 2023-11-18 09:59:00 -0600
Processing by ArticlesController#index as HTML
  Rendering layout layouts/application.html.erb
  Rendering articles/index.html.erb within layouts/application
  [1m[36mArticle Load (0.1ms)[0m  [1m[34mSELECT "articles".* FROM "articles"[0m
  ↳ app/views/articles/index.html.erb:4
  Rendered articles/index.html.erb within layouts/application (Duration: 3.1ms | Allocations: 2258)
  Rendered layout layouts/application.html.erb (Duration: 14.5ms | Allocations: 15542)
Completed 200 OK in 18ms (Views: 15.2ms | ActiveRecord: 0.3ms | Allocations: 17173)


Started GET "/articles/1" for 127.0.0.1 at 2023-11-18 09:59:13 -0600
Processing by ArticlesController#show as HTML
  Parameters: {"id"=>"1"}
  [1m[36mArticle Load (0.2ms)[0m  [1m[34mSELECT "articles".* FROM "articles" WHERE "articles"."id" = ? LIMIT ?[0m  [["id", 1], ["LIMIT", 1]]
  ↳ app/controllers/articles_controller.rb:7:in `show'
  Rendering layout layouts/application.html.erb
  Rendering articles/show.html.erb within layouts/application
  Rendered articles/show.html.erb within layouts/application (Duration: 1.5ms | Allocations: 147)
  Rendered layout layouts/application.html.erb (Duration: 4.4ms | Allocations: 2400)
Completed 200 OK in 10ms (Views: 4.9ms | ActiveRecord: 0.2ms | Allocations: 4996)


Started GET "/articles/new" for 127.0.0.1 at 2023-11-18 09:59:20 -0600
Processing by ArticlesController#new as HTML
  Rendering layout layouts/application.html.erb
  Rendering articles/new.html.erb within layouts/application
  Rendered articles/new.html.erb within layouts/application (Duration: 12.6ms | Allocations: 4567)
  Rendered layout layouts/application.html.erb (Duration: 15.2ms | Allocations: 6673)
Completed 200 OK in 17ms (Views: 16.0ms | ActiveRecord: 0.0ms | Allocations: 7036)


Started POST "/articles/new" for 127.0.0.1 at 2023-11-18 09:59:42 -0600
  
ActionController::RoutingError (No route matches [POST] "/articles/new"):
  
Started GET "/articles/new" for 127.0.0.1 at 2023-11-18 09:59:42 -0600
Processing by ArticlesController#new as HTML
  Rendering layout layouts/application.html.erb
  Rendering articles/new.html.erb within layouts/application
  Rendered articles/new.html.erb within layouts/application (Duration: 8.4ms | Allocations: 2423)
  Rendered layout layouts/application.html.erb (Duration: 10.7ms | Allocations: 4562)
Completed 200 OK in 15ms (Views: 11.4ms | ActiveRecord: 0.0ms | Allocations: 4839)


Started GET "/articles/new" for 127.0.0.1 at 2023-11-18 10:00:09 -0600
Processing by ArticlesController#new as HTML
  Rendering layout layouts/application.html.erb
  Rendering articles/new.html.erb within layouts/application
  Rendered articles/new.html.erb within layouts/application (Duration: 3.0ms | Allocations: 2421)
  Rendered layout layouts/application.html.erb (Duration: 6.4ms | Allocations: 4526)
Completed 200 OK in 8ms (Views: 7.1ms | ActiveRecord: 0.0ms | Allocations: 4798)


Started POST "/articles/new" for 127.0.0.1 at 2023-11-18 10:00:39 -0600
  
ActionController::RoutingError (No route matches [POST] "/articles/new"):
  
Started GET "/articles/new" for 127.0.0.1 at 2023-11-18 10:00:39 -0600
Processing by ArticlesController#new as HTML
  Rendering layout layouts/application.html.erb
  Rendering articles/new.html.erb within layouts/application
  Rendered articles/new.html.erb within layouts/application (Duration: 2.4ms | Allocations: 2430)
  Rendered layout layouts/application.html.erb (Duration: 4.8ms | Allocations: 4569)
Completed 200 OK in 6ms (Views: 5.2ms | ActiveRecord: 0.0ms | Allocations: 4842)


Started GET "/" for 127.0.0.1 at 2023-11-18 10:00:45 -0600
Processing by ArticlesController#index as HTML
  Rendering layout layouts/application.html.erb
  Rendering articles/index.html.erb within layouts/application
  [1m[36mArticle Load (0.1ms)[0m  [1m[34mSELECT "articles".* FROM "articles"[0m
  ↳ app/views/articles/index.html.erb:4
  Rendered articles/index.html.erb within layouts/application (Duration: 1.2ms | Allocations: 650)
  Rendered layout layouts/application.html.erb (Duration: 4.8ms | Allocations: 2904)
Completed 200 OK in 6ms (Views: 5.2ms | ActiveRecord: 0.1ms | Allocations: 3173)


Started GET "/articles/1" for 127.0.0.1 at 2023-11-18 10:00:48 -0600
Processing by ArticlesController#show as HTML
  Parameters: {"id"=>"1"}
  [1m[36mArticle Load (0.1ms)[0m  [1m[34mSELECT "articles".* FROM "articles" WHERE "articles"."id" = ? LIMIT ?[0m  [["id", 1], ["LIMIT", 1]]
  ↳ app/controllers/articles_controller.rb:7:in `show'
  Rendering layout layouts/application.html.erb
  Rendering articles/show.html.erb within layouts/application
  Rendered articles/show.html.erb within layouts/application (Duration: 0.1ms | Allocations: 11)
  Rendered layout layouts/application.html.erb (Duration: 3.3ms | Allocations: 2276)
Completed 200 OK in 5ms (Views: 3.9ms | ActiveRecord: 0.1ms | Allocations: 3023)


Started GET "/articles/new" for 127.0.0.1 at 2023-11-18 10:01:10 -0600
Processing by ArticlesController#new as HTML
  Rendering layout layouts/application.html.erb
  Rendering articles/new.html.erb within layouts/application
  Rendered articles/new.html.erb within layouts/application (Duration: 1.6ms | Allocations: 2422)
  Rendered layout layouts/application.html.erb (Duration: 4.8ms | Allocations: 4528)
Completed 200 OK in 5ms (Views: 5.2ms | ActiveRecord: 0.0ms | Allocations: 4801)


Started POST "/articles/new" for 127.0.0.1 at 2023-11-18 10:01:19 -0600
  
ActionController::RoutingError (No route matches [POST] "/articles/new"):
  
Started GET "/articles/new" for 127.0.0.1 at 2023-11-18 10:01:19 -0600
Processing by ArticlesController#new as HTML
  Rendering layout layouts/application.html.erb
  Rendering articles/new.html.erb within layouts/application
  Rendered articles/new.html.erb within layouts/application (Duration: 2.0ms | Allocations: 2425)
  Rendered layout layouts/application.html.erb (Duration: 4.4ms | Allocations: 4565)
Completed 200 OK in 5ms (Views: 4.8ms | ActiveRecord: 0.0ms | Allocations: 4838)


Started GET "/articles/new" for 127.0.0.1 at 2023-11-19 07:45:22 -0600
  [1m[36mActiveRecord::SchemaMigration Pluck (0.2ms)[0m  [1m[34mSELECT "schema_migrations"."version" FROM "schema_migrations" ORDER BY "schema_migrations"."version" ASC[0m
  
SyntaxError (/home/jmin69n/Dev/blog/app/controllers/articles_controller.rb:40: syntax error, unexpected end-of-input):
  
app/controllers/articles_controller.rb:40: syntax error, unexpected end-of-input
app/controllers/articles_controller.rb:40: syntax error, unexpected end-of-input
Started GET "/articles/new" for 127.0.0.1 at 2023-11-19 07:46:15 -0600
Processing by ArticlesController#new as HTML
  Rendering layout layouts/application.html.erb
  Rendering articles/new.html.erb within layouts/application
  Rendered articles/_form.html.erb (Duration: 7.1ms | Allocations: 2381)
  Rendered articles/new.html.erb within layouts/application (Duration: 7.7ms | Allocations: 2628)
  Rendered layout layouts/application.html.erb (Duration: 88.7ms | Allocations: 34805)
Completed 200 OK in 105ms (Views: 90.2ms | ActiveRecord: 0.6ms | Allocations: 42085)


Started GET "/" for 127.0.0.1 at 2023-11-19 07:46:29 -0600
Processing by ArticlesController#index as HTML
  Rendering layout layouts/application.html.erb
  Rendering articles/index.html.erb within layouts/application
  [1m[36mArticle Load (0.2ms)[0m  [1m[34mSELECT "articles".* FROM "articles"[0m
  ↳ app/views/articles/index.html.erb:4
  Rendered articles/index.html.erb within layouts/application (Duration: 1.6ms | Allocations: 1035)
  Rendered layout layouts/application.html.erb (Duration: 4.0ms | Allocations: 3296)
Completed 200 OK in 5ms (Views: 4.1ms | ActiveRecord: 0.2ms | Allocations: 3675)


Started GET "/articles/new" for 127.0.0.1 at 2023-11-19 07:46:32 -0600
Processing by ArticlesController#new as HTML
  Rendering layout layouts/application.html.erb
  Rendering articles/new.html.erb within layouts/application
  Rendered articles/_form.html.erb (Duration: 1.8ms | Allocations: 941)
  Rendered articles/new.html.erb within layouts/application (Duration: 2.0ms | Allocations: 1003)
  Rendered layout layouts/application.html.erb (Duration: 5.5ms | Allocations: 3109)
Completed 200 OK in 7ms (Views: 6.1ms | ActiveRecord: 0.0ms | Allocations: 3386)


Started POST "/articles" for 127.0.0.1 at 2023-11-19 07:46:46 -0600
Processing by ArticlesController#create as TURBO_STREAM
  Parameters: {"authenticity_token"=>"[FILTERED]", "article"=>{"title"=>"b", "body"=>"bb"}, "commit"=>"Create Article"}
  Rendering layout layouts/application.html.erb
  Rendering articles/new.html.erb within layouts/application
  Rendered articles/_form.html.erb (Duration: 2.3ms | Allocations: 1723)
  Rendered articles/new.html.erb within layouts/application (Duration: 2.5ms | Allocations: 1831)
  Rendered layout layouts/application.html.erb (Duration: 4.7ms | Allocations: 3928)
Completed 422 Unprocessable Entity in 8ms (Views: 5.3ms | ActiveRecord: 0.0ms | Allocations: 5227)


Started POST "/articles" for 127.0.0.1 at 2023-11-19 07:47:09 -0600
Processing by ArticlesController#create as TURBO_STREAM
  Parameters: {"authenticity_token"=>"[FILTERED]", "article"=>{"title"=>"boob", "body"=>"boobs are awesome!"}, "commit"=>"Create Article"}
  Rendering layout layouts/application.html.erb
  Rendering articles/new.html.erb within layouts/application
  Rendered articles/_form.html.erb (Duration: 10.2ms | Allocations: 1628)
  Rendered articles/new.html.erb within layouts/application (Duration: 10.5ms | Allocations: 1693)
  Rendered layout layouts/application.html.erb (Duration: 12.9ms | Allocations: 3825)
Completed 422 Unprocessable Entity in 16ms (Views: 14.2ms | ActiveRecord: 0.0ms | Allocations: 4805)


Started POST "/articles" for 127.0.0.1 at 2023-11-19 07:47:35 -0600
Processing by ArticlesController#create as TURBO_STREAM
  Parameters: {"authenticity_token"=>"[FILTERED]", "article"=>{"title"=>"boob", "body"=>"Boobs are very awesome!  I love boobs!"}, "commit"=>"Create Article"}
  Rendering layout layouts/application.html.erb
  Rendering articles/new.html.erb within layouts/application
  Rendered articles/_form.html.erb (Duration: 1.8ms | Allocations: 1628)
  Rendered articles/new.html.erb within layouts/application (Duration: 2.0ms | Allocations: 1693)
  Rendered layout layouts/application.html.erb (Duration: 4.8ms | Allocations: 3823)
Completed 422 Unprocessable Entity in 6ms (Views: 5.2ms | ActiveRecord: 0.0ms | Allocations: 4794)


Started POST "/articles" for 127.0.0.1 at 2023-11-19 07:48:25 -0600
Processing by ArticlesController#create as TURBO_STREAM
  Parameters: {"authenticity_token"=>"[FILTERED]", "article"=>{"title"=>"boob", "body"=>"abcdefghijklmnopqrstuvwxyz"}, "commit"=>"Create Article"}
  Rendering layout layouts/application.html.erb
  Rendering articles/new.html.erb within layouts/application
  Rendered articles/_form.html.erb (Duration: 2.8ms | Allocations: 1628)
  Rendered articles/new.html.erb within layouts/application (Duration: 3.1ms | Allocations: 1693)
  Rendered layout layouts/application.html.erb (Duration: 5.2ms | Allocations: 3790)
Completed 422 Unprocessable Entity in 8ms (Views: 6.0ms | ActiveRecord: 0.0ms | Allocations: 4758)


Started GET "/articles/" for 127.0.0.1 at 2023-11-19 07:48:38 -0600
Processing by ArticlesController#index as HTML
  Rendering layout layouts/application.html.erb
  Rendering articles/index.html.erb within layouts/application
  [1m[36mArticle Load (0.1ms)[0m  [1m[34mSELECT "articles".* FROM "articles"[0m
  ↳ app/views/articles/index.html.erb:4
  Rendered articles/index.html.erb within layouts/application (Duration: 1.1ms | Allocations: 651)
  Rendered layout layouts/application.html.erb (Duration: 5.5ms | Allocations: 2905)
Completed 200 OK in 6ms (Views: 5.8ms | ActiveRecord: 0.1ms | Allocations: 3174)


Started GET "/articles/" for 127.0.0.1 at 2023-11-19 08:08:26 -0600
Processing by ArticlesController#index as HTML
  Rendering layout layouts/application.html.erb
  Rendering articles/index.html.erb within layouts/application
  [1m[36mArticle Load (0.1ms)[0m  [1m[34mSELECT "articles".* FROM "articles"[0m
  ↳ app/views/articles/index.html.erb:4
  Rendered articles/index.html.erb within layouts/application (Duration: 2.8ms | Allocations: 2234)
  Rendered layout layouts/application.html.erb (Duration: 14.0ms | Allocations: 15490)
Completed 200 OK in 17ms (Views: 15.2ms | ActiveRecord: 0.3ms | Allocations: 17093)


Started GET "/articles/1" for 127.0.0.1 at 2023-11-19 08:08:29 -0600
Processing by ArticlesController#show as HTML
  Parameters: {"id"=>"1"}
  [1m[36mArticle Load (0.8ms)[0m  [1m[34mSELECT "articles".* FROM "articles" WHERE "articles"."id" = ? LIMIT ?[0m  [["id", 1], ["LIMIT", 1]]
  ↳ app/controllers/articles_controller.rb:7:in `show'
  Rendering layout layouts/application.html.erb
  Rendering articles/show.html.erb within layouts/application
  Rendered articles/show.html.erb within layouts/application (Duration: 0.9ms | Allocations: 300)
  Rendered layout layouts/application.html.erb (Duration: 4.4ms | Allocations: 2552)
Completed 200 OK in 12ms (Views: 5.3ms | ActiveRecord: 0.8ms | Allocations: 5149)


Started GET "/articles/new" for 127.0.0.1 at 2023-11-19 08:08:44 -0600
Processing by ArticlesController#new as HTML
  Rendering layout layouts/application.html.erb
  Rendering articles/new.html.erb within layouts/application
  Rendered articles/_form.html.erb (Duration: 1.7ms | Allocations: 1342)
  Rendered articles/new.html.erb within layouts/application (Duration: 2.6ms | Allocations: 1581)
  Rendered layout layouts/application.html.erb (Duration: 4.8ms | Allocations: 3686)
Completed 200 OK in 6ms (Views: 5.3ms | ActiveRecord: 0.0ms | Allocations: 4024)


Started POST "/articles" for 127.0.0.1 at 2023-11-19 08:09:14 -0600
Processing by ArticlesController#create as TURBO_STREAM
  Parameters: {"authenticity_token"=>"[FILTERED]", "article"=>{"title"=>"patriotism", "body"=>"Now is the time for all good men to come to the aid of their country."}, "commit"=>"Create Article"}
  Rendering layout layouts/application.html.erb
  Rendering articles/new.html.erb within layouts/application
  Rendered articles/_form.html.erb (Duration: 1.5ms | Allocations: 1636)
  Rendered articles/new.html.erb within layouts/application (Duration: 1.7ms | Allocations: 1744)
  Rendered layout layouts/application.html.erb (Duration: 4.1ms | Allocations: 3841)
Completed 422 Unprocessable Entity in 6ms (Views: 4.7ms | ActiveRecord: 0.0ms | Allocations: 4965)


Started GET "/articles/new" for 127.0.0.1 at 2023-11-19 08:13:11 -0600
Processing by ArticlesController#new as HTML
  Rendering layout layouts/application.html.erb
  Rendering articles/new.html.erb within layouts/application
  Rendered articles/_form.html.erb (Duration: 1.9ms | Allocations: 1028)
  Rendered articles/new.html.erb within layouts/application (Duration: 2.2ms | Allocations: 1095)
  Rendered layout layouts/application.html.erb (Duration: 12.1ms | Allocations: 14007)
Completed 200 OK in 17ms (Views: 13.7ms | ActiveRecord: 0.6ms | Allocations: 16801)


Started POST "/articles" for 127.0.0.1 at 2023-11-19 08:13:37 -0600
Processing by ArticlesController#create as TURBO_STREAM
  Parameters: {"authenticity_token"=>"[FILTERED]", "article"=>{"title"=>"Patriotism", "body"=>"Now is the time for all good men to come to the aid of their country."}, "commit"=>"Create Article"}
  Rendering layout layouts/application.html.erb
  Rendering articles/new.html.erb within layouts/application
  Rendered articles/_form.html.erb (Duration: 4.9ms | Allocations: 3331)
  Rendered articles/new.html.erb within layouts/application (Duration: 5.2ms | Allocations: 3396)
  Rendered layout layouts/application.html.erb (Duration: 10.6ms | Allocations: 5493)
Completed 422 Unprocessable Entity in 14ms (Views: 11.5ms | ActiveRecord: 0.0ms | Allocations: 6602)


Started GET "/articles/new" for 127.0.0.1 at 2023-11-19 08:18:21 -0600
Processing by ArticlesController#new as HTML
  Rendering layout layouts/application.html.erb
  Rendering articles/new.html.erb within layouts/application
  Rendered articles/_form.html.erb (Duration: 2.0ms | Allocations: 1387)
  Rendered articles/new.html.erb within layouts/application (Duration: 2.8ms | Allocations: 1635)
  Rendered layout layouts/application.html.erb (Duration: 10.3ms | Allocations: 14537)
Completed 200 OK in 15ms (Views: 11.7ms | ActiveRecord: 0.5ms | Allocations: 17678)


Started POST "/articles" for 127.0.0.1 at 2023-11-19 08:18:29 -0600
Processing by ArticlesController#create as TURBO_STREAM
  Parameters: {"authenticity_token"=>"[FILTERED]", "article"=>{"title"=>"Patriotism", "body"=>"Now is the time for all good men to come to the aid of their country."}, "commit"=>"Create Article"}
  [1m[36mTRANSACTION (0.1ms)[0m  [1m[36mbegin transaction[0m
  ↳ app/controllers/articles_controller.rb:17:in `create'
  [1m[36mArticle Create (6.1ms)[0m  [1m[32mINSERT INTO "articles" ("title", "body", "created_at", "updated_at") VALUES (?, ?, ?, ?)[0m  [["title", "Patriotism"], ["body", "Now is the time for all good men to come to the aid of their country."], ["created_at", "2023-11-19 14:18:29.260799"], ["updated_at", "2023-11-19 14:18:29.260799"]]
  ↳ app/controllers/articles_controller.rb:17:in `create'
  [1m[36mTRANSACTION (4.9ms)[0m  [1m[36mcommit transaction[0m
  ↳ app/controllers/articles_controller.rb:17:in `create'
Redirected to http://localhost:3000/articles/2
Completed 302 Found in 19ms (ActiveRecord: 11.2ms | Allocations: 3494)


Started GET "/articles/2" for 127.0.0.1 at 2023-11-19 08:18:29 -0600
Processing by ArticlesController#show as TURBO_STREAM
  Parameters: {"id"=>"2"}
  [1m[36mArticle Load (0.1ms)[0m  [1m[34mSELECT "articles".* FROM "articles" WHERE "articles"."id" = ? LIMIT ?[0m  [["id", 2], ["LIMIT", 1]]
  ↳ app/controllers/articles_controller.rb:7:in `show'
  Rendering layout layouts/application.html.erb
  Rendering articles/show.html.erb within layouts/application
  Rendered articles/show.html.erb within layouts/application (Duration: 1.1ms | Allocations: 299)
  Rendered layout layouts/application.html.erb (Duration: 4.7ms | Allocations: 2560)
Completed 200 OK in 7ms (Views: 5.3ms | ActiveRecord: 0.1ms | Allocations: 4066)


Started GET "/" for 127.0.0.1 at 2023-11-19 08:18:52 -0600
Processing by ArticlesController#index as HTML
  Rendering layout layouts/application.html.erb
  Rendering articles/index.html.erb within layouts/application
  [1m[36mArticle Load (0.1ms)[0m  [1m[34mSELECT "articles".* FROM "articles"[0m
  ↳ app/views/articles/index.html.erb:4
  Rendered articles/index.html.erb within layouts/application (Duration: 2.4ms | Allocations: 926)
  Rendered layout layouts/application.html.erb (Duration: 4.5ms | Allocations: 3183)
Completed 200 OK in 5ms (Views: 4.8ms | ActiveRecord: 0.1ms | Allocations: 3509)


  [1m[36mActiveRecord::SchemaMigration Pluck (0.1ms)[0m  [1m[34mSELECT "schema_migrations"."version" FROM "schema_migrations" ORDER BY "schema_migrations"."version" ASC[0m
Migrating to CreateComments (20231119154213)
  [1m[36mTRANSACTION (0.0ms)[0m  [1m[36mbegin transaction[0m
  [1m[35m (2.3ms)[0m  [1m[35mCREATE TABLE "comments" ("id" integer PRIMARY KEY AUTOINCREMENT NOT NULL, "commenter" varchar, "body" text, "article_id" integer NOT NULL, "created_at" datetime(6) NOT NULL, "updated_at" datetime(6) NOT NULL, CONSTRAINT "fk_rails_3bf61a60d3"
FOREIGN KEY ("article_id")
  REFERENCES "articles" ("id")
)[0m
  [1m[35m (0.2ms)[0m  [1m[35mCREATE INDEX "index_comments_on_article_id" ON "comments" ("article_id")[0m
  [1m[36mActiveRecord::SchemaMigration Create (0.9ms)[0m  [1m[32mINSERT INTO "schema_migrations" ("version") VALUES (?)[0m  [["version", "20231119154213"]]
  [1m[36mTRANSACTION (4.9ms)[0m  [1m[36mcommit transaction[0m
  [1m[36mActiveRecord::InternalMetadata Load (0.8ms)[0m  [1m[34mSELECT "ar_internal_metadata".* FROM "ar_internal_metadata" WHERE "ar_internal_metadata"."key" = ? LIMIT ?[0m  [["key", "environment"], ["LIMIT", 1]]
  [1m[36mActiveRecord::SchemaMigration Pluck (0.1ms)[0m  [1m[34mSELECT "schema_migrations"."version" FROM "schema_migrations" ORDER BY "schema_migrations"."version" ASC[0m
Started GET "/" for 127.0.0.1 at 2023-11-19 09:58:26 -0600
  [1m[36mActiveRecord::SchemaMigration Pluck (0.1ms)[0m  [1m[34mSELECT "schema_migrations"."version" FROM "schema_migrations" ORDER BY "schema_migrations"."version" ASC[0m
Processing by ArticlesController#index as HTML
  Rendering layout layouts/application.html.erb
  Rendering articles/index.html.erb within layouts/application
  [1m[36mArticle Load (0.2ms)[0m  [1m[34mSELECT "articles".* FROM "articles"[0m
  ↳ app/views/articles/index.html.erb:4
  Rendered articles/index.html.erb within layouts/application (Duration: 5.1ms | Allocations: 2162)
  Rendered layout layouts/application.html.erb (Duration: 14.1ms | Allocations: 15443)
Completed 200 OK in 26ms (Views: 15.2ms | ActiveRecord: 0.2ms | Allocations: 18007)


Started GET "/articles/2" for 127.0.0.1 at 2023-11-19 09:58:30 -0600
Processing by ArticlesController#show as HTML
  Parameters: {"id"=>"2"}
  [1m[36mArticle Load (0.1ms)[0m  [1m[34mSELECT "articles".* FROM "articles" WHERE "articles"."id" = ? LIMIT ?[0m  [["id", 2], ["LIMIT", 1]]
  ↳ app/controllers/articles_controller.rb:7:in `show'
  Rendering layout layouts/application.html.erb
  Rendering articles/show.html.erb within layouts/application
  [1m[36mComment Load (0.1ms)[0m  [1m[34mSELECT "comments".* FROM "comments" WHERE "comments"."article_id" = ?[0m  [["article_id", 2]]
  ↳ app/views/articles/show.html.erb:14
  Rendered articles/show.html.erb within layouts/application (Duration: 42.4ms | Allocations: 13928)
  Rendered layout layouts/application.html.erb (Duration: 44.1ms | Allocations: 16025)
Completed 200 OK in 46ms (Views: 43.9ms | ActiveRecord: 0.7ms | Allocations: 17426)


Started POST "/articles/2/comments" for 127.0.0.1 at 2023-11-19 09:59:00 -0600
Processing by CommentsController#create as TURBO_STREAM
  Parameters: {"authenticity_token"=>"[FILTERED]", "comment"=>{"commenter"=>"bobby joe", "body"=>"cool article man\n"}, "commit"=>"Create Comment", "article_id"=>"2"}
  [1m[36mArticle Load (0.1ms)[0m  [1m[34mSELECT "articles".* FROM "articles" WHERE "articles"."id" = ? LIMIT ?[0m  [["id", 2], ["LIMIT", 1]]
  ↳ app/controllers/comments_controller.rb:3:in `create'
  [1m[36mTRANSACTION (0.0ms)[0m  [1m[36mbegin transaction[0m
  ↳ app/controllers/comments_controller.rb:4:in `create'
  [1m[36mComment Create (0.2ms)[0m  [1m[32mINSERT INTO "comments" ("commenter", "body", "article_id", "created_at", "updated_at") VALUES (?, ?, ?, ?, ?)[0m  [["commenter", "bobby joe"], ["body", "cool article man\n"], ["article_id", 2], ["created_at", "2023-11-19 15:59:00.209313"], ["updated_at", "2023-11-19 15:59:00.209313"]]
  ↳ app/controllers/comments_controller.rb:4:in `create'
  [1m[36mTRANSACTION (2.8ms)[0m  [1m[36mcommit transaction[0m
  ↳ app/controllers/comments_controller.rb:4:in `create'
Redirected to http://localhost:3000/articles/2
Completed 302 Found in 8ms (ActiveRecord: 3.1ms | Allocations: 3412)


Started GET "/articles/2" for 127.0.0.1 at 2023-11-19 09:59:00 -0600
Processing by ArticlesController#show as TURBO_STREAM
  Parameters: {"id"=>"2"}
  [1m[36mArticle Load (0.2ms)[0m  [1m[34mSELECT "articles".* FROM "articles" WHERE "articles"."id" = ? LIMIT ?[0m  [["id", 2], ["LIMIT", 1]]
  ↳ app/controllers/articles_controller.rb:7:in `show'
  Rendering layout layouts/application.html.erb
  Rendering articles/show.html.erb within layouts/application
  [1m[36mComment Load (0.7ms)[0m  [1m[34mSELECT "comments".* FROM "comments" WHERE "comments"."article_id" = ?[0m  [["article_id", 2]]
  ↳ app/views/articles/show.html.erb:14
  Rendered articles/show.html.erb within layouts/application (Duration: 3.9ms | Allocations: 1824)
  Rendered layout layouts/application.html.erb (Duration: 5.6ms | Allocations: 3921)
Completed 200 OK in 8ms (Views: 5.5ms | ActiveRecord: 0.8ms | Allocations: 4714)


Started GET "/articles/2" for 127.0.0.1 at 2023-11-22 02:50:51 -0600
Processing by ArticlesController#show as HTML
  Parameters: {"id"=>"2"}
  [1m[36mArticle Load (0.6ms)[0m  [1m[34mSELECT "articles".* FROM "articles" WHERE "articles"."id" = ? LIMIT ?[0m  [["id", 2], ["LIMIT", 1]]
  ↳ app/controllers/articles_controller.rb:7:in `show'
  Rendering layout layouts/application.html.erb
  Rendering articles/show.html.erb within layouts/application
  [1m[36mComment Load (1.1ms)[0m  [1m[34mSELECT "comments".* FROM "comments" WHERE "comments"."article_id" = ?[0m  [["article_id", 2]]
  ↳ app/views/articles/show.html.erb:14
  Rendered collection of comments/_comment.html.erb [1 times] (Duration: 8.2ms | Allocations: 261)
  Rendered comments/_form.html.erb (Duration: 144.0ms | Allocations: 1311)
  Rendered articles/show.html.erb within layouts/application (Duration: 370.8ms | Allocations: 3014)
  Rendered layout layouts/application.html.erb (Duration: 452.4ms | Allocations: 5414)
Completed 200 OK in 772ms (Views: 557.0ms | ActiveRecord: 16.8ms | Allocations: 6865)


Started POST "/articles/2/comments" for 127.0.0.1 at 2023-11-22 02:51:19 -0600
Processing by CommentsController#create as TURBO_STREAM
  Parameters: {"authenticity_token"=>"[FILTERED]", "comment"=>{"commenter"=>"billy bob", "body"=>"testing the new view helpers."}, "commit"=>"Create Comment", "article_id"=>"2"}
  [1m[36mArticle Load (0.1ms)[0m  [1m[34mSELECT "articles".* FROM "articles" WHERE "articles"."id" = ? LIMIT ?[0m  [["id", 2], ["LIMIT", 1]]
  ↳ app/controllers/comments_controller.rb:3:in `create'
  [1m[36mTRANSACTION (0.2ms)[0m  [1m[36mbegin transaction[0m
  ↳ app/controllers/comments_controller.rb:4:in `create'
  [1m[36mComment Create (1.5ms)[0m  [1m[32mINSERT INTO "comments" ("commenter", "body", "article_id", "created_at", "updated_at") VALUES (?, ?, ?, ?, ?)[0m  [["commenter", "billy bob"], ["body", "testing the new view helpers."], ["article_id", 2], ["created_at", "2023-11-22 08:51:19.771594"], ["updated_at", "2023-11-22 08:51:19.771594"]]
  ↳ app/controllers/comments_controller.rb:4:in `create'
  [1m[36mTRANSACTION (3.1ms)[0m  [1m[36mcommit transaction[0m
  ↳ app/controllers/comments_controller.rb:4:in `create'
Redirected to http://localhost:3000/articles/2
Completed 302 Found in 156ms (ActiveRecord: 5.0ms | Allocations: 3125)


Started GET "/articles/2" for 127.0.0.1 at 2023-11-22 02:51:19 -0600
Processing by ArticlesController#show as TURBO_STREAM
  Parameters: {"id"=>"2"}
  [1m[36mArticle Load (0.1ms)[0m  [1m[34mSELECT "articles".* FROM "articles" WHERE "articles"."id" = ? LIMIT ?[0m  [["id", 2], ["LIMIT", 1]]
  ↳ app/controllers/articles_controller.rb:7:in `show'
  Rendering layout layouts/application.html.erb
  Rendering articles/show.html.erb within layouts/application
  [1m[36mComment Load (0.1ms)[0m  [1m[34mSELECT "comments".* FROM "comments" WHERE "comments"."article_id" = ?[0m  [["article_id", 2]]
  ↳ app/views/articles/show.html.erb:14
  Rendered collection of comments/_comment.html.erb [2 times] (Duration: 0.2ms | Allocations: 90)
  Rendered comments/_form.html.erb (Duration: 7.3ms | Allocations: 1030)
  Rendered articles/show.html.erb within layouts/application (Duration: 17.7ms | Allocations: 2153)
  Rendered layout layouts/application.html.erb (Duration: 24.5ms | Allocations: 4250)
Completed 200 OK in 34ms (Views: 26.2ms | ActiveRecord: 0.2ms | Allocations: 5044)


  [1m[36mActiveRecord::SchemaMigration Pluck (0.1ms)[0m  [1m[34mSELECT "schema_migrations"."version" FROM "schema_migrations" ORDER BY "schema_migrations"."version" ASC[0m
Migrating to AddStatusToArticles (20231122085416)
  [1m[36mTRANSACTION (0.0ms)[0m  [1m[36mbegin transaction[0m
  [1m[35m (0.4ms)[0m  [1m[35mALTER TABLE "articles" ADD "status" varchar[0m
  [1m[36mActiveRecord::SchemaMigration Create (0.2ms)[0m  [1m[32mINSERT INTO "schema_migrations" ("version") VALUES (?)[0m  [["version", "20231122085416"]]
  [1m[36mTRANSACTION (4.9ms)[0m  [1m[36mcommit transaction[0m
Migrating to AddStatusToComments (20231122085431)
  [1m[36mTRANSACTION (0.0ms)[0m  [1m[36mbegin transaction[0m
  [1m[35m (0.6ms)[0m  [1m[35mALTER TABLE "comments" ADD "status" varchar[0m
  [1m[36mActiveRecord::SchemaMigration Create (0.1ms)[0m  [1m[32mINSERT INTO "schema_migrations" ("version") VALUES (?)[0m  [["version", "20231122085431"]]
  [1m[36mTRANSACTION (1.9ms)[0m  [1m[36mcommit transaction[0m
  [1m[36mActiveRecord::InternalMetadata Load (0.3ms)[0m  [1m[34mSELECT "ar_internal_metadata".* FROM "ar_internal_metadata" WHERE "ar_internal_metadata"."key" = ? LIMIT ?[0m  [["key", "environment"], ["LIMIT", 1]]
  [1m[36mActiveRecord::SchemaMigration Pluck (0.1ms)[0m  [1m[34mSELECT "schema_migrations"."version" FROM "schema_migrations" ORDER BY "schema_migrations"."version" ASC[0m
  [1m[36mArticle Update All (4.1ms)[0m  [1m[33mUPDATE "articles" SET "status" = ?[0m  [["status", "public"]]
  [1m[36mComment Update All (3.4ms)[0m  [1m[33mUPDATE "comments" SET "status" = ?[0m  [["status", "public"]]
  [1m[36mActiveRecord::SchemaMigration Pluck (0.1ms)[0m  [1m[34mSELECT "schema_migrations"."version" FROM "schema_migrations" ORDER BY "schema_migrations"."version" ASC[0m
  [1m[36mActiveRecord::SchemaMigration Pluck (0.0ms)[0m  [1m[34mSELECT "schema_migrations"."version" FROM "schema_migrations" ORDER BY "schema_migrations"."version" ASC[0m
  [1m[36mActiveRecord::SchemaMigration Pluck (0.0ms)[0m  [1m[34mSELECT "schema_migrations"."version" FROM "schema_migrations" ORDER BY "schema_migrations"."version" ASC[0m
  [1m[36mActiveRecord::SchemaMigration Pluck (0.0ms)[0m  [1m[34mSELECT "schema_migrations"."version" FROM "schema_migrations" ORDER BY "schema_migrations"."version" ASC[0m
Migrating to AddStatusToComments (20231122085431)
  [1m[36mTRANSACTION (0.1ms)[0m  [1m[36mbegin transaction[0m
  [1m[35m (0.0ms)[0m  [1m[35mPRAGMA foreign_keys[0m
  [1m[35m (0.0ms)[0m  [1m[35mPRAGMA defer_foreign_keys[0m
  [1m[35m (0.1ms)[0m  [1m[35mPRAGMA defer_foreign_keys = ON[0m
  [1m[35m (0.1ms)[0m  [1m[35mPRAGMA foreign_keys = OFF[0m
  [1m[35m (0.7ms)[0m  [1m[35mCREATE TEMPORARY TABLE "acomments" ("id" integer NOT NULL PRIMARY KEY, "commenter" varchar DEFAULT NULL, "body" text DEFAULT NULL, "article_id" integer NOT NULL, "created_at" datetime(6) NOT NULL, "updated_at" datetime(6) NOT NULL, "status" varchar DEFAULT NULL)[0m
  [1m[35m (0.5ms)[0m  [1m[35mCREATE INDEX "tindex_acomments_on_article_id" ON "acomments" ("article_id")[0m
  [1m[35m (0.1ms)[0m  [1m[32mINSERT INTO "acomments" ("id","commenter","body","article_id","created_at","updated_at","status")
                     SELECT "id","commenter","body","article_id","created_at","updated_at","status" FROM "comments"[0m
  [1m[35m (1.7ms)[0m  [1m[35mDROP TABLE "comments"[0m
  [1m[35m (0.1ms)[0m  [1m[35mCREATE TABLE "comments" ("id" integer NOT NULL PRIMARY KEY, "commenter" varchar DEFAULT NULL, "body" text DEFAULT NULL, "article_id" integer NOT NULL, "created_at" datetime(6) NOT NULL, "updated_at" datetime(6) NOT NULL, CONSTRAINT "fk_rails_3bf61a60d3"
FOREIGN KEY ("article_id")
  REFERENCES "articles" ("id")
)[0m
  [1m[35m (0.1ms)[0m  [1m[35mCREATE INDEX "index_comments_on_article_id" ON "comments" ("article_id")[0m
  [1m[35m (0.1ms)[0m  [1m[32mINSERT INTO "comments" ("id","commenter","body","article_id","created_at","updated_at")
                     SELECT "id","commenter","body","article_id","created_at","updated_at" FROM "acomments"[0m
  [1m[35m (0.1ms)[0m  [1m[35mDROP TABLE "acomments"[0m
  [1m[35m (0.0ms)[0m  [1m[35mPRAGMA defer_foreign_keys = 0[0m
  [1m[35m (0.0ms)[0m  [1m[35mPRAGMA foreign_keys = 1[0m
  [1m[36mActiveRecord::SchemaMigration Delete All (0.1ms)[0m  [1m[31mDELETE FROM "schema_migrations" WHERE "schema_migrations"."version" = ?[0m  [["version", "20231122085431"]]
  [1m[36mTRANSACTION (3.1ms)[0m  [1m[36mcommit transaction[0m
Migrating to AddStatusToArticles (20231122085416)
  [1m[36mTRANSACTION (0.0ms)[0m  [1m[36mbegin transaction[0m
  [1m[35m (0.0ms)[0m  [1m[35mPRAGMA foreign_keys[0m
  [1m[35m (0.7ms)[0m  [1m[35mPRAGMA defer_foreign_keys[0m
  [1m[35m (0.1ms)[0m  [1m[35mPRAGMA defer_foreign_keys = ON[0m
  [1m[35m (0.2ms)[0m  [1m[35mPRAGMA foreign_keys = OFF[0m
  [1m[35m (0.1ms)[0m  [1m[35mCREATE TEMPORARY TABLE "aarticles" ("id" integer NOT NULL PRIMARY KEY, "title" varchar DEFAULT NULL, "body" text DEFAULT NULL, "created_at" datetime(6) NOT NULL, "updated_at" datetime(6) NOT NULL, "status" varchar DEFAULT NULL)[0m
  [1m[35m (0.0ms)[0m  [1m[32mINSERT INTO "aarticles" ("id","title","body","created_at","updated_at","status")
                     SELECT "id","title","body","created_at","updated_at","status" FROM "articles"[0m
  [1m[35m (0.2ms)[0m  [1m[35mDROP TABLE "articles"[0m
  [1m[35m (0.1ms)[0m  [1m[35mCREATE TABLE "articles" ("id" integer NOT NULL PRIMARY KEY, "title" varchar DEFAULT NULL, "body" text DEFAULT NULL, "created_at" datetime(6) NOT NULL, "updated_at" datetime(6) NOT NULL)[0m
  [1m[35m (0.1ms)[0m  [1m[32mINSERT INTO "articles" ("id","title","body","created_at","updated_at")
                     SELECT "id","title","body","created_at","updated_at" FROM "aarticles"[0m
  [1m[35m (0.1ms)[0m  [1m[35mDROP TABLE "aarticles"[0m
  [1m[35m (0.0ms)[0m  [1m[35mPRAGMA defer_foreign_keys = 0[0m
  [1m[35m (0.0ms)[0m  [1m[35mPRAGMA foreign_keys = 1[0m
  [1m[36mActiveRecord::SchemaMigration Delete All (0.1ms)[0m  [1m[31mDELETE FROM "schema_migrations" WHERE "schema_migrations"."version" = ?[0m  [["version", "20231122085416"]]
  [1m[36mTRANSACTION (2.3ms)[0m  [1m[36mcommit transaction[0m
  [1m[36mActiveRecord::SchemaMigration Pluck (0.1ms)[0m  [1m[34mSELECT "schema_migrations"."version" FROM "schema_migrations" ORDER BY "schema_migrations"."version" ASC[0m
  [1m[36mActiveRecord::SchemaMigration Pluck (0.1ms)[0m  [1m[34mSELECT "schema_migrations"."version" FROM "schema_migrations" ORDER BY "schema_migrations"."version" ASC[0m
Migrating to AddStatusToArticles (20231122090824)
  [1m[36mTRANSACTION (0.0ms)[0m  [1m[36mbegin transaction[0m
  [1m[35m (0.4ms)[0m  [1m[35mALTER TABLE "articles" ADD "status" varchar[0m
  [1m[35m (0.1ms)[0m  [1m[35mALTER TABLE "articles" ADD "default" varchar[0m
  [1m[35m (0.1ms)[0m  [1m[35mALTER TABLE "articles" ADD "public" varchar[0m
  [1m[36mActiveRecord::SchemaMigration Create (0.2ms)[0m  [1m[32mINSERT INTO "schema_migrations" ("version") VALUES (?)[0m  [["version", "20231122090824"]]
  [1m[36mTRANSACTION (1.9ms)[0m  [1m[36mcommit transaction[0m
Migrating to AddStatusToComments (20231122090935)
  [1m[36mTRANSACTION (0.0ms)[0m  [1m[36mbegin transaction[0m
  [1m[35m (0.4ms)[0m  [1m[35mALTER TABLE "comments" ADD "status" varchar[0m
  [1m[35m (0.3ms)[0m  [1m[35mALTER TABLE "comments" ADD "default" varchar[0m
  [1m[35m (0.2ms)[0m  [1m[35mALTER TABLE "comments" ADD "public" varchar[0m
  [1m[36mActiveRecord::SchemaMigration Create (0.3ms)[0m  [1m[32mINSERT INTO "schema_migrations" ("version") VALUES (?)[0m  [["version", "20231122090935"]]
  [1m[36mTRANSACTION (2.6ms)[0m  [1m[36mcommit transaction[0m
  [1m[36mActiveRecord::InternalMetadata Load (0.1ms)[0m  [1m[34mSELECT "ar_internal_metadata".* FROM "ar_internal_metadata" WHERE "ar_internal_metadata"."key" = ? LIMIT ?[0m  [["key", "environment"], ["LIMIT", 1]]
  [1m[36mActiveRecord::SchemaMigration Pluck (0.1ms)[0m  [1m[34mSELECT "schema_migrations"."version" FROM "schema_migrations" ORDER BY "schema_migrations"."version" ASC[0m
Started GET "/articles/2" for 127.0.0.1 at 2023-11-22 05:13:35 -0600
  [1m[36mActiveRecord::SchemaMigration Pluck (0.1ms)[0m  [1m[34mSELECT "schema_migrations"."version" FROM "schema_migrations" ORDER BY "schema_migrations"."version" ASC[0m
Processing by ArticlesController#show as HTML
  Parameters: {"id"=>"2"}
Completed 500 Internal Server Error in 23ms (ActiveRecord: 0.0ms | Allocations: 1328)


  
SyntaxError (/home/jmin69n/Dev/blog/app/models/concerns/visible.rb:19: syntax error, unexpected end-of-input):
  
app/models/concerns/visible.rb:19: syntax error, unexpected end-of-input
app/models/concerns/visible.rb:19: syntax error, unexpected end-of-input
app/models/article.rb:2:in `<class:Article>'
app/models/article.rb:1:in `<main>'
app/controllers/articles_controller.rb:7:in `show'
Started GET "/articles/2" for 127.0.0.1 at 2023-11-22 05:14:17 -0600
Processing by ArticlesController#show as HTML
  Parameters: {"id"=>"2"}
  [1m[36mArticle Load (0.2ms)[0m  [1m[34mSELECT "articles".* FROM "articles" WHERE "articles"."id" = ? LIMIT ?[0m  [["id", 2], ["LIMIT", 1]]
  ↳ app/controllers/articles_controller.rb:7:in `show'
  Rendering layout layouts/application.html.erb
  Rendering articles/show.html.erb within layouts/application
  [1m[36mComment Load (0.1ms)[0m  [1m[34mSELECT "comments".* FROM "comments" WHERE "comments"."article_id" = ?[0m  [["article_id", 2]]
  ↳ app/views/articles/show.html.erb:14
  Rendered collection of comments/_comment.html.erb [2 times] (Duration: 1.5ms | Allocations: 280)
  Rendered comments/_form.html.erb (Duration: 12.6ms | Allocations: 1959)
  Rendered articles/show.html.erb within layouts/application (Duration: 39.6ms | Allocations: 8631)
  Rendered layout layouts/application.html.erb (Duration: 69.2ms | Allocations: 21731)
Completed 200 OK in 137ms (Views: 71.8ms | ActiveRecord: 13.2ms | Allocations: 28642)


Started POST "/articles/2/comments" for 127.0.0.1 at 2023-11-22 05:14:30 -0600
Processing by CommentsController#create as TURBO_STREAM
  Parameters: {"authenticity_token"=>"[FILTERED]", "comment"=>{"commenter"=>"billy bob", "body"=>"testing the new view helpers.", "status"=>"public"}, "commit"=>"Create Comment", "article_id"=>"2"}
  [1m[36mArticle Load (0.1ms)[0m  [1m[34mSELECT "articles".* FROM "articles" WHERE "articles"."id" = ? LIMIT ?[0m  [["id", 2], ["LIMIT", 1]]
  ↳ app/controllers/comments_controller.rb:3:in `create'
  [1m[36mTRANSACTION (0.1ms)[0m  [1m[36mbegin transaction[0m
  ↳ app/controllers/comments_controller.rb:4:in `create'
  [1m[36mComment Create (0.3ms)[0m  [1m[32mINSERT INTO "comments" ("commenter", "body", "article_id", "created_at", "updated_at", "status", "default", "public") VALUES (?, ?, ?, ?, ?, ?, ?, ?)[0m  [["commenter", "billy bob"], ["body", "testing the new view helpers."], ["article_id", 2], ["created_at", "2023-11-22 11:14:30.971583"], ["updated_at", "2023-11-22 11:14:30.971583"], ["status", "public"], ["default", nil], ["public", nil]]
  ↳ app/controllers/comments_controller.rb:4:in `create'
  [1m[36mTRANSACTION (2.6ms)[0m  [1m[36mcommit transaction[0m
  ↳ app/controllers/comments_controller.rb:4:in `create'
Redirected to http://localhost:3000/articles/2
Completed 302 Found in 16ms (ActiveRecord: 3.1ms | Allocations: 4015)


Started GET "/articles/2" for 127.0.0.1 at 2023-11-22 05:14:30 -0600
Processing by ArticlesController#show as TURBO_STREAM
  Parameters: {"id"=>"2"}
  [1m[36mArticle Load (0.1ms)[0m  [1m[34mSELECT "articles".* FROM "articles" WHERE "articles"."id" = ? LIMIT ?[0m  [["id", 2], ["LIMIT", 1]]
  ↳ app/controllers/articles_controller.rb:7:in `show'
  Rendering layout layouts/application.html.erb
  Rendering articles/show.html.erb within layouts/application
  [1m[36mComment Load (0.1ms)[0m  [1m[34mSELECT "comments".* FROM "comments" WHERE "comments"."article_id" = ?[0m  [["article_id", 2]]
  ↳ app/views/articles/show.html.erb:14
  Rendered collection of comments/_comment.html.erb [3 times] (Duration: 0.2ms | Allocations: 104)
  Rendered comments/_form.html.erb (Duration: 3.2ms | Allocations: 1313)
  Rendered articles/show.html.erb within layouts/application (Duration: 6.6ms | Allocations: 2467)
  Rendered layout layouts/application.html.erb (Duration: 11.2ms | Allocations: 4564)
Completed 200 OK in 13ms (Views: 11.7ms | ActiveRecord: 0.2ms | Allocations: 5357)


Started GET "/articles/2" for 127.0.0.1 at 2023-11-27 06:41:36 -0600
  [1m[36mActiveRecord::SchemaMigration Pluck (1.6ms)[0m  [1m[34mSELECT "schema_migrations"."version" FROM "schema_migrations" ORDER BY "schema_migrations"."version" ASC[0m
Processing by ArticlesController#show as HTML
  Parameters: {"id"=>"2"}
  [1m[36mArticle Load (0.4ms)[0m  [1m[34mSELECT "articles".* FROM "articles" WHERE "articles"."id" = ? LIMIT ?[0m  [["id", 2], ["LIMIT", 1]]
  ↳ app/controllers/articles_controller.rb:7:in `show'
  Rendering layout layouts/application.html.erb
  Rendering articles/show.html.erb within layouts/application
  [1m[36mComment Load (0.5ms)[0m  [1m[34mSELECT "comments".* FROM "comments" WHERE "comments"."article_id" = ?[0m  [["article_id", 2]]
  ↳ app/views/articles/show.html.erb:14
  Rendered collection of comments/_comment.html.erb [3 times] (Duration: 5.7ms | Allocations: 1001)
  Rendered comments/_form.html.erb (Duration: 20.5ms | Allocations: 2962)
  Rendered articles/show.html.erb within layouts/application (Duration: 109.2ms | Allocations: 13752)
  Rendered layout layouts/application.html.erb (Duration: 340.2ms | Allocations: 46389)
Completed 200 OK in 442ms (Views: 350.1ms | ActiveRecord: 3.9ms | Allocations: 59975)


Started POST "/articles/2/comments" for 127.0.0.1 at 2023-11-27 06:41:46 -0600
Processing by CommentsController#create as TURBO_STREAM
  Parameters: {"authenticity_token"=>"[FILTERED]", "comment"=>{"commenter"=>"billy bob", "body"=>"testing the new view helpers.", "status"=>"public"}, "commit"=>"Create Comment", "article_id"=>"2"}
  [1m[36mArticle Load (0.6ms)[0m  [1m[34mSELECT "articles".* FROM "articles" WHERE "articles"."id" = ? LIMIT ?[0m  [["id", 2], ["LIMIT", 1]]
  ↳ app/controllers/comments_controller.rb:3:in `create'
  [1m[36mTRANSACTION (0.2ms)[0m  [1m[36mbegin transaction[0m
  ↳ app/controllers/comments_controller.rb:4:in `create'
  [1m[36mComment Create (1.6ms)[0m  [1m[32mINSERT INTO "comments" ("commenter", "body", "article_id", "created_at", "updated_at", "status", "default", "public") VALUES (?, ?, ?, ?, ?, ?, ?, ?)[0m  [["commenter", "billy bob"], ["body", "testing the new view helpers."], ["article_id", 2], ["created_at", "2023-11-27 12:41:46.216366"], ["updated_at", "2023-11-27 12:41:46.216366"], ["status", "public"], ["default", nil], ["public", nil]]
  ↳ app/controllers/comments_controller.rb:4:in `create'
  [1m[36mTRANSACTION (7.5ms)[0m  [1m[36mcommit transaction[0m
  ↳ app/controllers/comments_controller.rb:4:in `create'
Redirected to http://localhost:3000/articles/2
Completed 302 Found in 36ms (ActiveRecord: 9.9ms | Allocations: 5084)


Started GET "/articles/2" for 127.0.0.1 at 2023-11-27 06:41:46 -0600
Processing by ArticlesController#show as TURBO_STREAM
  Parameters: {"id"=>"2"}
  [1m[36mArticle Load (0.3ms)[0m  [1m[34mSELECT "articles".* FROM "articles" WHERE "articles"."id" = ? LIMIT ?[0m  [["id", 2], ["LIMIT", 1]]
  ↳ app/controllers/articles_controller.rb:7:in `show'
  Rendering layout layouts/application.html.erb
  Rendering articles/show.html.erb within layouts/application
  [1m[36mComment Load (0.2ms)[0m  [1m[34mSELECT "comments".* FROM "comments" WHERE "comments"."article_id" = ?[0m  [["article_id", 2]]
  ↳ app/views/articles/show.html.erb:14
  Rendered collection of comments/_comment.html.erb [4 times] (Duration: 1.1ms | Allocations: 513)
  Rendered comments/_form.html.erb (Duration: 2.8ms | Allocations: 1302)
  Rendered articles/show.html.erb within layouts/application (Duration: 8.2ms | Allocations: 2883)
  Rendered layout layouts/application.html.erb (Duration: 13.1ms | Allocations: 5015)
Completed 200 OK in 16ms (Views: 13.6ms | ActiveRecord: 0.5ms | Allocations: 5812)


Started DELETE "/articles/2/comments/4" for 127.0.0.1 at 2023-11-27 06:42:05 -0600
Processing by CommentsController#destroy as TURBO_STREAM
  Parameters: {"article_id"=>"2", "id"=>"4"}
  [1m[36mArticle Load (0.3ms)[0m  [1m[34mSELECT "articles".* FROM "articles" WHERE "articles"."id" = ? LIMIT ?[0m  [["id", 2], ["LIMIT", 1]]
  ↳ app/controllers/comments_controller.rb:9:in `destroy'
  [1m[36mComment Load (0.5ms)[0m  [1m[34mSELECT "comments".* FROM "comments" WHERE "comments"."article_id" = ? AND "comments"."id" = ? LIMIT ?[0m  [["article_id", 2], ["id", 4], ["LIMIT", 1]]
  ↳ app/controllers/comments_controller.rb:10:in `destroy'
  [1m[36mTRANSACTION (0.1ms)[0m  [1m[36mbegin transaction[0m
  ↳ app/controllers/comments_controller.rb:11:in `destroy'
  [1m[36mComment Destroy (3.1ms)[0m  [1m[31mDELETE FROM "comments" WHERE "comments"."id" = ?[0m  [["id", 4]]
  ↳ app/controllers/comments_controller.rb:11:in `destroy'
  [1m[36mTRANSACTION (5.9ms)[0m  [1m[36mcommit transaction[0m
  ↳ app/controllers/comments_controller.rb:11:in `destroy'
Redirected to http://localhost:3000/articles/2
Completed 303 See Other in 30ms (ActiveRecord: 10.0ms | Allocations: 3387)


Started GET "/articles/2" for 127.0.0.1 at 2023-11-27 06:42:05 -0600
Processing by ArticlesController#show as TURBO_STREAM
  Parameters: {"id"=>"2"}
  [1m[36mArticle Load (0.3ms)[0m  [1m[34mSELECT "articles".* FROM "articles" WHERE "articles"."id" = ? LIMIT ?[0m  [["id", 2], ["LIMIT", 1]]
  ↳ app/controllers/articles_controller.rb:7:in `show'
  Rendering layout layouts/application.html.erb
  Rendering articles/show.html.erb within layouts/application
  [1m[36mComment Load (0.2ms)[0m  [1m[34mSELECT "comments".* FROM "comments" WHERE "comments"."article_id" = ?[0m  [["article_id", 2]]
  ↳ app/views/articles/show.html.erb:14
  Rendered collection of comments/_comment.html.erb [3 times] (Duration: 0.9ms | Allocations: 401)
  Rendered comments/_form.html.erb (Duration: 3.3ms | Allocations: 1301)
  Rendered articles/show.html.erb within layouts/application (Duration: 9.3ms | Allocations: 2709)
  Rendered layout layouts/application.html.erb (Duration: 14.4ms | Allocations: 4807)
Completed 200 OK in 19ms (Views: 16.2ms | ActiveRecord: 0.5ms | Allocations: 5559)


Started GET "/articles/2" for 127.0.0.1 at 2023-11-27 06:47:19 -0600
Processing by ArticlesController#show as HTML
  Parameters: {"id"=>"2"}
  [1m[36mArticle Load (1.1ms)[0m  [1m[34mSELECT "articles".* FROM "articles" WHERE "articles"."id" = ? LIMIT ?[0m  [["id", 2], ["LIMIT", 1]]
  ↳ app/controllers/articles_controller.rb:9:in `show'
  Rendering layout layouts/application.html.erb
  Rendering articles/show.html.erb within layouts/application
  [1m[36mComment Load (2.6ms)[0m  [1m[34mSELECT "comments".* FROM "comments" WHERE "comments"."article_id" = ?[0m  [["article_id", 2]]
  ↳ app/views/articles/show.html.erb:14
  Rendered collection of comments/_comment.html.erb [3 times] (Duration: 2.5ms | Allocations: 454)
  Rendered comments/_form.html.erb (Duration: 12.4ms | Allocations: 1399)
  Rendered articles/show.html.erb within layouts/application (Duration: 70.6ms | Allocations: 7899)
  Rendered layout layouts/application.html.erb (Duration: 137.6ms | Allocations: 20768)
Completed 200 OK in 200ms (Views: 139.1ms | ActiveRecord: 20.7ms | Allocations: 25962)


Started POST "/articles/2/comments" for 127.0.0.1 at 2023-11-27 06:47:28 -0600
Processing by CommentsController#create as TURBO_STREAM
  Parameters: {"authenticity_token"=>"[FILTERED]", "comment"=>{"commenter"=>"billy bob", "body"=>"testing the new view helpers.", "status"=>"public"}, "commit"=>"Create Comment", "article_id"=>"2"}
  [1m[36mArticle Load (0.4ms)[0m  [1m[34mSELECT "articles".* FROM "articles" WHERE "articles"."id" = ? LIMIT ?[0m  [["id", 2], ["LIMIT", 1]]
  ↳ app/controllers/comments_controller.rb:5:in `create'
  [1m[36mTRANSACTION (0.2ms)[0m  [1m[36mbegin transaction[0m
  ↳ app/controllers/comments_controller.rb:6:in `create'
  [1m[36mComment Create (1.4ms)[0m  [1m[32mINSERT INTO "comments" ("commenter", "body", "article_id", "created_at", "updated_at", "status", "default", "public") VALUES (?, ?, ?, ?, ?, ?, ?, ?)[0m  [["commenter", "billy bob"], ["body", "testing the new view helpers."], ["article_id", 2], ["created_at", "2023-11-27 12:47:28.984745"], ["updated_at", "2023-11-27 12:47:28.984745"], ["status", "public"], ["default", nil], ["public", nil]]
  ↳ app/controllers/comments_controller.rb:6:in `create'
  [1m[36mTRANSACTION (7.6ms)[0m  [1m[36mcommit transaction[0m
  ↳ app/controllers/comments_controller.rb:6:in `create'
Redirected to http://localhost:3000/articles/2
Completed 302 Found in 23ms (ActiveRecord: 9.5ms | Allocations: 3459)


Started GET "/articles/2" for 127.0.0.1 at 2023-11-27 06:47:29 -0600
Processing by ArticlesController#show as TURBO_STREAM
  Parameters: {"id"=>"2"}
  [1m[36mArticle Load (0.4ms)[0m  [1m[34mSELECT "articles".* FROM "articles" WHERE "articles"."id" = ? LIMIT ?[0m  [["id", 2], ["LIMIT", 1]]
  ↳ app/controllers/articles_controller.rb:9:in `show'
  Rendering layout layouts/application.html.erb
  Rendering articles/show.html.erb within layouts/application
  [1m[36mComment Load (0.4ms)[0m  [1m[34mSELECT "comments".* FROM "comments" WHERE "comments"."article_id" = ?[0m  [["article_id", 2]]
  ↳ app/views/articles/show.html.erb:14
  Rendered collection of comments/_comment.html.erb [4 times] (Duration: 0.9ms | Allocations: 512)
  Rendered comments/_form.html.erb (Duration: 1.9ms | Allocations: 1319)
  Rendered articles/show.html.erb within layouts/application (Duration: 8.8ms | Allocations: 2856)
  Rendered layout layouts/application.html.erb (Duration: 15.3ms | Allocations: 4953)
Completed 200 OK in 20ms (Views: 15.8ms | ActiveRecord: 0.7ms | Allocations: 5703)


Started DELETE "/articles/2/comments/4" for 127.0.0.1 at 2023-11-27 06:47:35 -0600
Processing by CommentsController#destroy as TURBO_STREAM
  Parameters: {"article_id"=>"2", "id"=>"4"}
Filter chain halted as #<Proc:0x00007f846e7853f8 /home/jmin69n/.asdf/installs/ruby/3.2.2/lib/ruby/gems/3.2.0/gems/actionpack-7.0.8/lib/action_controller/metal/http_authentication.rb:79> rendered or redirected
Completed 401 Unauthorized in 9ms (ActiveRecord: 0.0ms | Allocations: 323)


Started DELETE "/articles/2/comments/4" for 127.0.0.1 at 2023-11-27 06:47:46 -0600
Processing by CommentsController#destroy as TURBO_STREAM
  Parameters: {"article_id"=>"2", "id"=>"4"}
  [1m[36mArticle Load (0.5ms)[0m  [1m[34mSELECT "articles".* FROM "articles" WHERE "articles"."id" = ? LIMIT ?[0m  [["id", 2], ["LIMIT", 1]]
  ↳ app/controllers/comments_controller.rb:11:in `destroy'
  [1m[36mComment Load (0.6ms)[0m  [1m[34mSELECT "comments".* FROM "comments" WHERE "comments"."article_id" = ? AND "comments"."id" = ? LIMIT ?[0m  [["article_id", 2], ["id", 4], ["LIMIT", 1]]
  ↳ app/controllers/comments_controller.rb:12:in `destroy'
  [1m[36mTRANSACTION (0.2ms)[0m  [1m[36mbegin transaction[0m
  ↳ app/controllers/comments_controller.rb:13:in `destroy'
  [1m[36mComment Destroy (0.7ms)[0m  [1m[31mDELETE FROM "comments" WHERE "comments"."id" = ?[0m  [["id", 4]]
  ↳ app/controllers/comments_controller.rb:13:in `destroy'
  [1m[36mTRANSACTION (6.7ms)[0m  [1m[36mcommit transaction[0m
  ↳ app/controllers/comments_controller.rb:13:in `destroy'
Redirected to http://localhost:3000/articles/2
Completed 303 See Other in 40ms (ActiveRecord: 8.7ms | Allocations: 3290)


Started GET "/articles/2" for 127.0.0.1 at 2023-11-27 06:47:46 -0600
Processing by ArticlesController#show as TURBO_STREAM
  Parameters: {"id"=>"2"}
  [1m[36mArticle Load (0.5ms)[0m  [1m[34mSELECT "articles".* FROM "articles" WHERE "articles"."id" = ? LIMIT ?[0m  [["id", 2], ["LIMIT", 1]]
  ↳ app/controllers/articles_controller.rb:9:in `show'
  Rendering layout layouts/application.html.erb
  Rendering articles/show.html.erb within layouts/application
  [1m[36mComment Load (0.5ms)[0m  [1m[34mSELECT "comments".* FROM "comments" WHERE "comments"."article_id" = ?[0m  [["article_id", 2]]
  ↳ app/views/articles/show.html.erb:14
  Rendered collection of comments/_comment.html.erb [3 times] (Duration: 3.5ms | Allocations: 401)
  Rendered comments/_form.html.erb (Duration: 11.7ms | Allocations: 1313)
  Rendered articles/show.html.erb within layouts/application (Duration: 22.3ms | Allocations: 2721)
  Rendered layout layouts/application.html.erb (Duration: 31.5ms | Allocations: 4928)
Completed 200 OK in 43ms (Views: 35.5ms | ActiveRecord: 1.0ms | Allocations: 5679)


Started POST "/articles/2/comments" for 127.0.0.1 at 2023-11-27 06:48:12 -0600
Processing by CommentsController#create as TURBO_STREAM
  Parameters: {"authenticity_token"=>"[FILTERED]", "comment"=>{"commenter"=>"hershy", "body"=>"testing password", "status"=>"public"}, "commit"=>"Create Comment", "article_id"=>"2"}
  [1m[36mArticle Load (0.3ms)[0m  [1m[34mSELECT "articles".* FROM "articles" WHERE "articles"."id" = ? LIMIT ?[0m  [["id", 2], ["LIMIT", 1]]
  ↳ app/controllers/comments_controller.rb:5:in `create'
  [1m[36mTRANSACTION (0.1ms)[0m  [1m[36mbegin transaction[0m
  ↳ app/controllers/comments_controller.rb:6:in `create'
  [1m[36mComment Create (0.5ms)[0m  [1m[32mINSERT INTO "comments" ("commenter", "body", "article_id", "created_at", "updated_at", "status", "default", "public") VALUES (?, ?, ?, ?, ?, ?, ?, ?)[0m  [["commenter", "hershy"], ["body", "testing password"], ["article_id", 2], ["created_at", "2023-11-27 12:48:12.472082"], ["updated_at", "2023-11-27 12:48:12.472082"], ["status", "public"], ["default", nil], ["public", nil]]
  ↳ app/controllers/comments_controller.rb:6:in `create'
  [1m[36mTRANSACTION (6.9ms)[0m  [1m[36mcommit transaction[0m
  ↳ app/controllers/comments_controller.rb:6:in `create'
Redirected to http://localhost:3000/articles/2
Completed 302 Found in 17ms (ActiveRecord: 7.8ms | Allocations: 3165)


Started GET "/articles/2" for 127.0.0.1 at 2023-11-27 06:48:12 -0600
Processing by ArticlesController#show as TURBO_STREAM
  Parameters: {"id"=>"2"}
  [1m[36mArticle Load (0.3ms)[0m  [1m[34mSELECT "articles".* FROM "articles" WHERE "articles"."id" = ? LIMIT ?[0m  [["id", 2], ["LIMIT", 1]]
  ↳ app/controllers/articles_controller.rb:9:in `show'
  Rendering layout layouts/application.html.erb
  Rendering articles/show.html.erb within layouts/application
  [1m[36mComment Load (0.3ms)[0m  [1m[34mSELECT "comments".* FROM "comments" WHERE "comments"."article_id" = ?[0m  [["article_id", 2]]
  ↳ app/views/articles/show.html.erb:14
  Rendered collection of comments/_comment.html.erb [4 times] (Duration: 0.7ms | Allocations: 512)
  Rendered comments/_form.html.erb (Duration: 1.4ms | Allocations: 1310)
  Rendered articles/show.html.erb within layouts/application (Duration: 4.8ms | Allocations: 2847)
  Rendered layout layouts/application.html.erb (Duration: 9.7ms | Allocations: 4944)
Completed 200 OK in 14ms (Views: 10.2ms | ActiveRecord: 0.5ms | Allocations: 5694)


Started GET "/" for 127.0.0.1 at 2023-11-27 06:48:42 -0600
Processing by ArticlesController#index as HTML
  Rendering layout layouts/application.html.erb
  Rendering articles/index.html.erb within layouts/application
  [1m[36mArticle Count (0.4ms)[0m  [1m[34mSELECT COUNT(*) FROM "articles" WHERE "articles"."status" = ?[0m  [["status", "public"]]
  ↳ app/models/concerns/visible.rb:12:in `public_count'
  [1m[36mArticle Load (0.3ms)[0m  [1m[34mSELECT "articles".* FROM "articles"[0m
  ↳ app/views/articles/index.html.erb:6
  Rendered articles/index.html.erb within layouts/application (Duration: 6.9ms | Allocations: 1709)
  Rendered layout layouts/application.html.erb (Duration: 16.1ms | Allocations: 3970)
Completed 200 OK in 21ms (Views: 17.3ms | ActiveRecord: 0.6ms | Allocations: 4303)


Started GET "/articles/new" for 127.0.0.1 at 2023-11-27 06:48:44 -0600
Processing by ArticlesController#new as HTML
Filter chain halted as #<Proc:0x00007f846e7a7e80 /home/jmin69n/.asdf/installs/ruby/3.2.2/lib/ruby/gems/3.2.0/gems/actionpack-7.0.8/lib/action_controller/metal/http_authentication.rb:79> rendered or redirected
Completed 401 Unauthorized in 1ms (ActiveRecord: 0.0ms | Allocations: 87)


Started GET "/articles/new" for 127.0.0.1 at 2023-11-27 06:48:44 -0600
Processing by ArticlesController#new as HTML
  Rendering layout layouts/application.html.erb
  Rendering articles/new.html.erb within layouts/application
  Rendered articles/_form.html.erb (Duration: 5.7ms | Allocations: 1704)
  Rendered articles/new.html.erb within layouts/application (Duration: 8.4ms | Allocations: 1945)
  Rendered layout layouts/application.html.erb (Duration: 15.5ms | Allocations: 4050)
Completed 200 OK in 19ms (Views: 16.7ms | ActiveRecord: 0.0ms | Allocations: 4409)


Started POST "/articles" for 127.0.0.1 at 2023-11-27 06:49:00 -0600
Processing by ArticlesController#create as TURBO_STREAM
  Parameters: {"authenticity_token"=>"[FILTERED]", "article"=>{"title"=>"test auth", "body"=>"testing authentication", "status"=>"public"}, "commit"=>"Create Article"}
Filter chain halted as #<Proc:0x00007f846e7a7e80 /home/jmin69n/.asdf/installs/ruby/3.2.2/lib/ruby/gems/3.2.0/gems/actionpack-7.0.8/lib/action_controller/metal/http_authentication.rb:79> rendered or redirected
Completed 401 Unauthorized in 5ms (ActiveRecord: 0.0ms | Allocations: 310)


Started POST "/articles" for 127.0.0.1 at 2023-11-27 06:49:00 -0600
Processing by ArticlesController#create as TURBO_STREAM
  Parameters: {"authenticity_token"=>"[FILTERED]", "article"=>{"title"=>"test auth", "body"=>"testing authentication", "status"=>"public"}, "commit"=>"Create Article"}
  [1m[36mTRANSACTION (1.2ms)[0m  [1m[36mbegin transaction[0m
  ↳ app/controllers/articles_controller.rb:19:in `create'
  [1m[36mArticle Create (0.6ms)[0m  [1m[32mINSERT INTO "articles" ("title", "body", "created_at", "updated_at", "status", "default", "public") VALUES (?, ?, ?, ?, ?, ?, ?)[0m  [["title", "test auth"], ["body", "testing authentication"], ["created_at", "2023-11-27 12:49:00.079701"], ["updated_at", "2023-11-27 12:49:00.079701"], ["status", "public"], ["default", nil], ["public", nil]]
  ↳ app/controllers/articles_controller.rb:19:in `create'
  [1m[36mTRANSACTION (6.3ms)[0m  [1m[36mcommit transaction[0m
  ↳ app/controllers/articles_controller.rb:19:in `create'
Redirected to http://localhost:3000/articles/3
Completed 302 Found in 16ms (ActiveRecord: 8.1ms | Allocations: 2715)


Started GET "/articles/3" for 127.0.0.1 at 2023-11-27 06:49:00 -0600
Processing by ArticlesController#show as TURBO_STREAM
  Parameters: {"id"=>"3"}
  [1m[36mArticle Load (0.3ms)[0m  [1m[34mSELECT "articles".* FROM "articles" WHERE "articles"."id" = ? LIMIT ?[0m  [["id", 3], ["LIMIT", 1]]
  ↳ app/controllers/articles_controller.rb:9:in `show'
  Rendering layout layouts/application.html.erb
  Rendering articles/show.html.erb within layouts/application
  [1m[36mComment Load (0.3ms)[0m  [1m[34mSELECT "comments".* FROM "comments" WHERE "comments"."article_id" = ?[0m  [["article_id", 3]]
  ↳ app/views/articles/show.html.erb:14
  Rendered collection of templates [0 times] (Duration: 0.1ms | Allocations: 24)
  Rendered comments/_form.html.erb (Duration: 1.6ms | Allocations: 1298)
  Rendered articles/show.html.erb within layouts/application (Duration: 11.6ms | Allocations: 2249)
  Rendered layout layouts/application.html.erb (Duration: 17.7ms | Allocations: 4346)
Completed 200 OK in 27ms (Views: 19.3ms | ActiveRecord: 0.6ms | Allocations: 5097)


Started POST "/articles/3/comments" for 127.0.0.1 at 2023-11-27 06:49:22 -0600
Processing by CommentsController#create as TURBO_STREAM
  Parameters: {"authenticity_token"=>"[FILTERED]", "comment"=>{"commenter"=>"test 1", "body"=>"did it work?", "status"=>"public"}, "commit"=>"Create Comment", "article_id"=>"3"}
  [1m[36mArticle Load (0.3ms)[0m  [1m[34mSELECT "articles".* FROM "articles" WHERE "articles"."id" = ? LIMIT ?[0m  [["id", 3], ["LIMIT", 1]]
  ↳ app/controllers/comments_controller.rb:5:in `create'
  [1m[36mTRANSACTION (0.2ms)[0m  [1m[36mbegin transaction[0m
  ↳ app/controllers/comments_controller.rb:6:in `create'
  [1m[36mComment Create (0.9ms)[0m  [1m[32mINSERT INTO "comments" ("commenter", "body", "article_id", "created_at", "updated_at", "status", "default", "public") VALUES (?, ?, ?, ?, ?, ?, ?, ?)[0m  [["commenter", "test 1"], ["body", "did it work?"], ["article_id", 3], ["created_at", "2023-11-27 12:49:22.359414"], ["updated_at", "2023-11-27 12:49:22.359414"], ["status", "public"], ["default", nil], ["public", nil]]
  ↳ app/controllers/comments_controller.rb:6:in `create'
  [1m[36mTRANSACTION (5.4ms)[0m  [1m[36mcommit transaction[0m
  ↳ app/controllers/comments_controller.rb:6:in `create'
Redirected to http://localhost:3000/articles/3
Completed 302 Found in 17ms (ActiveRecord: 6.7ms | Allocations: 3186)


Started GET "/articles/3" for 127.0.0.1 at 2023-11-27 06:49:22 -0600
Processing by ArticlesController#show as TURBO_STREAM
  Parameters: {"id"=>"3"}
  [1m[36mArticle Load (0.3ms)[0m  [1m[34mSELECT "articles".* FROM "articles" WHERE "articles"."id" = ? LIMIT ?[0m  [["id", 3], ["LIMIT", 1]]
  ↳ app/controllers/articles_controller.rb:9:in `show'
  Rendering layout layouts/application.html.erb
  Rendering articles/show.html.erb within layouts/application
  [1m[36mComment Load (0.3ms)[0m  [1m[34mSELECT "comments".* FROM "comments" WHERE "comments"."article_id" = ?[0m  [["article_id", 3]]
  ↳ app/views/articles/show.html.erb:14
  Rendered collection of comments/_comment.html.erb [1 times] (Duration: 0.4ms | Allocations: 180)
  Rendered comments/_form.html.erb (Duration: 5.4ms | Allocations: 1316)
  Rendered articles/show.html.erb within layouts/application (Duration: 10.7ms | Allocations: 2470)
  Rendered layout layouts/application.html.erb (Duration: 15.7ms | Allocations: 4568)
Completed 200 OK in 24ms (Views: 17.9ms | ActiveRecord: 0.5ms | Allocations: 5319)


Started POST "/articles/3/comments" for 127.0.0.1 at 2023-11-27 06:50:17 -0600
Processing by CommentsController#create as TURBO_STREAM
  Parameters: {"authenticity_token"=>"[FILTERED]", "comment"=>{"commenter"=>"cookies", "body"=>"it saves your creds", "status"=>"public"}, "commit"=>"Create Comment", "article_id"=>"3"}
  [1m[36mArticle Load (0.3ms)[0m  [1m[34mSELECT "articles".* FROM "articles" WHERE "articles"."id" = ? LIMIT ?[0m  [["id", 3], ["LIMIT", 1]]
  ↳ app/controllers/comments_controller.rb:5:in `create'
  [1m[36mTRANSACTION (0.1ms)[0m  [1m[36mbegin transaction[0m
  ↳ app/controllers/comments_controller.rb:6:in `create'
  [1m[36mComment Create (0.6ms)[0m  [1m[32mINSERT INTO "comments" ("commenter", "body", "article_id", "created_at", "updated_at", "status", "default", "public") VALUES (?, ?, ?, ?, ?, ?, ?, ?)[0m  [["commenter", "cookies"], ["body", "it saves your creds"], ["article_id", 3], ["created_at", "2023-11-27 12:50:17.466661"], ["updated_at", "2023-11-27 12:50:17.466661"], ["status", "public"], ["default", nil], ["public", nil]]
  ↳ app/controllers/comments_controller.rb:6:in `create'
  [1m[36mTRANSACTION (6.7ms)[0m  [1m[36mcommit transaction[0m
  ↳ app/controllers/comments_controller.rb:6:in `create'
Redirected to http://localhost:3000/articles/3
Completed 302 Found in 20ms (ActiveRecord: 7.8ms | Allocations: 3163)


Started GET "/articles/3" for 127.0.0.1 at 2023-11-27 06:50:17 -0600
Processing by ArticlesController#show as TURBO_STREAM
  Parameters: {"id"=>"3"}
  [1m[36mArticle Load (0.3ms)[0m  [1m[34mSELECT "articles".* FROM "articles" WHERE "articles"."id" = ? LIMIT ?[0m  [["id", 3], ["LIMIT", 1]]
  ↳ app/controllers/articles_controller.rb:9:in `show'
  Rendering layout layouts/application.html.erb
  Rendering articles/show.html.erb within layouts/application
  [1m[36mComment Load (0.4ms)[0m  [1m[34mSELECT "comments".* FROM "comments" WHERE "comments"."article_id" = ?[0m  [["article_id", 3]]
  ↳ app/views/articles/show.html.erb:14
  Rendered collection of comments/_comment.html.erb [2 times] (Duration: 0.6ms | Allocations: 291)
  Rendered comments/_form.html.erb (Duration: 2.6ms | Allocations: 1292)
  Rendered articles/show.html.erb within layouts/application (Duration: 7.3ms | Allocations: 2575)
  Rendered layout layouts/application.html.erb (Duration: 14.3ms | Allocations: 4672)
Completed 200 OK in 18ms (Views: 15.0ms | ActiveRecord: 0.8ms | Allocations: 5423)


